<?xml version="1.0" encoding="UTF-8"?>
<testsuite xmlns:xsi="http://www.w3.org/2001/XMLSchema-instance" xsi:noNamespaceSchemaLocation="https://maven.apache.org/surefire/maven-surefire-plugin/xsd/surefire-test-report-3.0.xsd" version="3.0" name="com.example.Integration_testing.IntegrationTest" time="85.248" tests="2" errors="0" skipped="0" failures="2">
  <properties>
[...]
</properties>
  <testcase name="testProdEnvironment" classname="com.example.Integration_testing.IntegrationTest" time="0.479">
    <failure message="expected: &lt;200&gt; but was: &lt;404&gt;" type="org.opentest4j.AssertionFailedError"><![CDATA[org.opentest4j.AssertionFailedError: expected: <200> but was: <404>
	at org.junit.jupiter.api.AssertionFailureBuilder.build(AssertionFailureBuilder.java:151)
	at org.junit.jupiter.api.AssertionFailureBuilder.buildAndThrow(AssertionFailureBuilder.java:132)
	at org.junit.jupiter.api.AssertEquals.failNotEqual(AssertEquals.java:197)
	at org.junit.jupiter.api.AssertEquals.assertEquals(AssertEquals.java:150)
	at org.junit.jupiter.api.AssertEquals.assertEquals(AssertEquals.java:145)
	at org.junit.jupiter.api.Assertions.assertEquals(Assertions.java:531)
	at com.example.Integration_testing.IntegrationTest.testProdEnvironment(IntegrationTest.java:61)
	at java.base/java.lang.reflect.Method.invoke(Method.java:569)
	at java.base/java.util.ArrayList.forEach(ArrayList.java:1511)
	at java.base/java.util.ArrayList.forEach(ArrayList.java:1511)
]]></failure>
    <system-out><![CDATA[2025-11-05T22:17:46.010+05:00  INFO 19651 --- [AuthorizationService] [           main] t.c.s.AnnotationConfigContextLoaderUtils : Could not detect default configuration classes for test class [com.example.Integration_testing.IntegrationTest]: IntegrationTest does not declare any static, non-private, non-final, nested classes annotated with @Configuration.
2025-11-05T22:17:46.015+05:00  INFO 19651 --- [AuthorizationService] [           main] .b.t.c.SpringBootTestContextBootstrapper : Found @SpringBootConfiguration com.example.Integration_testing.IntegrationTestingApplication for test class com.example.Integration_testing.IntegrationTest
2025-11-05T22:17:46.179+05:00  INFO 19651 --- [AuthorizationService] [           main] org.testcontainers.images.PullPolicy     : Image pull policy will be performed by: DefaultPullPolicy()
2025-11-05T22:17:46.191+05:00  INFO 19651 --- [AuthorizationService] [           main] o.t.utility.ImageNameSubstitutor         : Image name substitution will be performed by: DefaultImageNameSubstitutor (composite of 'ConfigurationFileImageNameSubstitutor' and 'PrefixingImageNameSubstitutor')
2025-11-05T22:17:47.024+05:00  INFO 19651 --- [AuthorizationService] [           main] o.t.d.DockerClientProviderStrategy       : Loaded org.testcontainers.dockerclient.UnixSocketClientProviderStrategy from ~/.testcontainers.properties, will try it first
2025-11-05T22:17:48.639+05:00  INFO 19651 --- [AuthorizationService] [           main] o.t.d.DockerClientProviderStrategy       : Found Docker environment with local Unix socket (unix:///var/run/docker.sock)
2025-11-05T22:17:48.643+05:00  INFO 19651 --- [AuthorizationService] [           main] org.testcontainers.DockerClientFactory   : Docker host IP address is localhost
2025-11-05T22:17:48.732+05:00  INFO 19651 --- [AuthorizationService] [           main] org.testcontainers.DockerClientFactory   : Connected to docker: 
  Server Version: 28.5.1
  API Version: 1.51
  Operating System: Docker Desktop
  Total Memory: 3914 MB
2025-11-05T22:17:49.109+05:00  INFO 19651 --- [AuthorizationService] [           main] tc.testcontainers/ryuk:0.7.0             : Creating container for image: testcontainers/ryuk:0.7.0
2025-11-05T22:17:50.787+05:00  INFO 19651 --- [AuthorizationService] [           main] tc.testcontainers/ryuk:0.7.0             : Container testcontainers/ryuk:0.7.0 is starting: 916edce159e2f0ef98f635a32336746e72a767b40cd2dc477e171e7483aef3bf
2025-11-05T22:17:52.742+05:00  INFO 19651 --- [AuthorizationService] [           main] tc.testcontainers/ryuk:0.7.0             : Container testcontainers/ryuk:0.7.0 started in PT3.632342S
2025-11-05T22:17:52.769+05:00  INFO 19651 --- [AuthorizationService] [           main] o.t.utility.RyukResourceReaper           : Ryuk started - will monitor and terminate Testcontainers containers on JVM exit
2025-11-05T22:17:52.770+05:00  INFO 19651 --- [AuthorizationService] [           main] org.testcontainers.DockerClientFactory   : Checking the system...
2025-11-05T22:17:52.781+05:00  INFO 19651 --- [AuthorizationService] [           main] org.testcontainers.DockerClientFactory   : ✔︎ Docker server version should be at least 1.6.0
2025-11-05T22:17:52.783+05:00  INFO 19651 --- [AuthorizationService] [           main] tc.devapp:latest                         : Creating container for image: devapp:latest
2025-11-05T22:17:53.284+05:00  INFO 19651 --- [AuthorizationService] [           main] tc.devapp:latest                         : Container devapp:latest is starting: c94998a1e28f2f7e7d73ff99fb24c23db0e56313759d1d2636f08dedc1d2c430
2025-11-05T22:17:54.796+05:00  INFO 19651 --- [AuthorizationService] [           main] o.t.c.wait.strategy.HttpWaitStrategy     : /clever_wiles: Waiting for 120 seconds for URL: http://localhost:51815/actuator/health (where port 51815 maps to container port 8080)
2025-11-05T22:18:27.393+05:00  INFO 19651 --- [AuthorizationService] [           main] tc.devapp:latest                         : Container devapp:latest started in PT34.609473S
2025-11-05T22:18:27.394+05:00  INFO 19651 --- [AuthorizationService] [           main] tc.prodapp:latest                        : Creating container for image: prodapp:latest
2025-11-05T22:18:27.809+05:00  INFO 19651 --- [AuthorizationService] [           main] tc.prodapp:latest                        : Container prodapp:latest is starting: d93fcc1ab7e1e1222e25ba7969b34824b590e263c69869f807340ede2ea5918f
2025-11-05T22:18:29.766+05:00  INFO 19651 --- [AuthorizationService] [           main] o.t.c.wait.strategy.HttpWaitStrategy     : /practical_bassi: Waiting for 120 seconds for URL: http://localhost:51880/actuator/health (where port 51880 maps to container port 8081)
2025-11-05T22:19:03.605+05:00  INFO 19651 --- [AuthorizationService] [           main] tc.prodapp:latest                        : Container prodapp:latest started in PT36.21135S

  .   ____          _            __ _ _
 /\\ / ___'_ __ _ _(_)_ __  __ _ \ \ \ \
( ( )\___ | '_ | '_| | '_ \/ _` | \ \ \ \
 \\/  ___)| |_)| | | | | || (_| |  ) ) ) )
  '  |____| .__|_| |_|_| |_\__, | / / / /
 =========|_|==============|___/=/_/_/_/
 :: Spring Boot ::                (v3.2.3)

2025-11-05T22:19:03.702+05:00  INFO 19651 --- [AuthorizationService] [           main] c.e.Integration_testing.IntegrationTest  : Starting IntegrationTest using Java 17.0.15 with PID 19651 (started by admin in /Users/admin/IdeaProjects/Integration_testing)
2025-11-05T22:19:03.702+05:00  INFO 19651 --- [AuthorizationService] [           main] c.e.Integration_testing.IntegrationTest  : No active profile set, falling back to 1 default profile: "default"
2025-11-05T22:19:06.453+05:00  INFO 19651 --- [AuthorizationService] [           main] o.s.b.w.embedded.tomcat.TomcatWebServer  : Tomcat initialized with port 0 (http)
2025-11-05T22:19:06.490+05:00  INFO 19651 --- [AuthorizationService] [           main] o.apache.catalina.core.StandardService   : Starting service [Tomcat]
2025-11-05T22:19:06.491+05:00  INFO 19651 --- [AuthorizationService] [           main] o.apache.catalina.core.StandardEngine    : Starting Servlet engine: [Apache Tomcat/10.1.19]
2025-11-05T22:19:06.834+05:00  INFO 19651 --- [AuthorizationService] [           main] o.a.c.c.C.[Tomcat].[localhost].[/]       : Initializing Spring embedded WebApplicationContext
2025-11-05T22:19:06.855+05:00  INFO 19651 --- [AuthorizationService] [           main] w.s.c.ServletWebServerApplicationContext : Root WebApplicationContext: initialization completed in 3125 ms
2025-11-05T22:19:07.921+05:00  INFO 19651 --- [AuthorizationService] [           main] o.s.b.a.e.web.EndpointLinksResolver      : Exposing 13 endpoint(s) beneath base path '/actuator'
2025-11-05T22:19:08.110+05:00  INFO 19651 --- [AuthorizationService] [           main] o.s.b.w.embedded.tomcat.TomcatWebServer  : Tomcat started on port 51946 (http) with context path ''
2025-11-05T22:19:08.176+05:00  INFO 19651 --- [AuthorizationService] [           main] c.e.Integration_testing.IntegrationTest  : Started IntegrationTest in 4.529 seconds (process running for 100.162)
Prod response status: 404
Prod response body: {"timestamp":"2025-11-05T17:19:08.503+00:00","status":404,"error":"Not Found","path":"/authorize"}
]]></system-out>
  </testcase>
  <testcase name="testDevEnvironment" classname="com.example.Integration_testing.IntegrationTest" time="0.155">
    <failure message="expected: &lt;200&gt; but was: &lt;404&gt;" type="org.opentest4j.AssertionFailedError"><![CDATA[org.opentest4j.AssertionFailedError: expected: <200> but was: <404>
	at org.junit.jupiter.api.AssertionFailureBuilder.build(AssertionFailureBuilder.java:151)
	at org.junit.jupiter.api.AssertionFailureBuilder.buildAndThrow(AssertionFailureBuilder.java:132)
	at org.junit.jupiter.api.AssertEquals.failNotEqual(AssertEquals.java:197)
	at org.junit.jupiter.api.AssertEquals.assertEquals(AssertEquals.java:150)
	at org.junit.jupiter.api.AssertEquals.assertEquals(AssertEquals.java:145)
	at org.junit.jupiter.api.Assertions.assertEquals(Assertions.java:531)
	at com.example.Integration_testing.IntegrationTest.testDevEnvironment(IntegrationTest.java:48)
	at java.base/java.lang.reflect.Method.invoke(Method.java:569)
	at java.base/java.util.ArrayList.forEach(ArrayList.java:1511)
	at java.base/java.util.ArrayList.forEach(ArrayList.java:1511)
]]></failure>
    <system-out><![CDATA[Dev response status: 404
Dev response body: {"timestamp":"2025-11-05T17:19:08.793+00:00","status":404,"error":"Not Found","path":"/authorize"}
]]></system-out>
  </testcase>
</testsuite>